# JRE version: Java(TM) SE Runtime Environment (8.0_91-b14) (build 1.8.0_91-b14)
# Java VM: Java HotSpot(TM) 64-Bit Server VM (25.91-b14 mixed mode linux-amd64 compressed oops)
Heap:
 PSYoungGen      total 119296K, used 25066K [0x00000000eab00000, 0x00000000f3800000, 0x0000000100000000)
  eden space 94208K, 0% used [0x00000000eab00000,0x00000000eab00000,0x00000000f0700000)
  from space 25088K, 99% used [0x00000000f0700000,0x00000000f1f7aba0,0x00000000f1f80000)
  to   space 24064K, 0% used [0x00000000f2080000,0x00000000f2080000,0x00000000f3800000)
 ParOldGen       total 61440K, used 34980K [0x00000000c0000000, 0x00000000c3c00000, 0x00000000eab00000)
  object space 61440K, 56% used [0x00000000c0000000,0x00000000c22293f8,0x00000000c3c00000)
 Metaspace       used 4746K, capacity 5464K, committed 5760K, reserved 1056768K
  class space    used 496K, capacity 528K, committed 640K, reserved 1048576K
GC Heap History (10 events):
Event: 0.857 GC heap after
Heap after GC invocations=2 (full 0):
 PSYoungGen      total 27136K, used 3577K [0x00000000eab00000, 0x00000000ee000000, 0x0000000100000000)
  eden space 23552K, 0% used [0x00000000eab00000,0x00000000eab00000,0x00000000ec200000)
  from space 3584K, 99% used [0x00000000ec580000,0x00000000ec8fe488,0x00000000ec900000)
  to   space 3584K, 0% used [0x00000000ec200000,0x00000000ec200000,0x00000000ec580000)
 ParOldGen       total 61440K, used 25861K [0x00000000c0000000, 0x00000000c3c00000, 0x00000000eab00000)
  object space 61440K, 42% used [0x00000000c0000000,0x00000000c19417c8,0x00000000c3c00000)
 Metaspace       used 3823K, capacity 4944K, committed 5120K, reserved 1056768K
  class space    used 406K, capacity 456K, committed 512K, reserved 1048576K
}
Event: 0.950 GC heap before
{Heap before GC invocations=3 (full 0):
 PSYoungGen      total 27136K, used 27129K [0x00000000eab00000, 0x00000000ee000000, 0x0000000100000000)
  eden space 23552K, 100% used [0x00000000eab00000,0x00000000ec200000,0x00000000ec200000)
  from space 3584K, 99% used [0x00000000ec580000,0x00000000ec8fe488,0x00000000ec900000)
  to   space 3584K, 0% used [0x00000000ec200000,0x00000000ec200000,0x00000000ec580000)
 ParOldGen       total 61440K, used 25861K [0x00000000c0000000, 0x00000000c3c00000, 0x00000000eab00000)
  object space 61440K, 42% used [0x00000000c0000000,0x00000000c19417c8,0x00000000c3c00000)
 Metaspace       used 3840K, capacity 4944K, committed 5120K, reserved 1056768K
  class space    used 407K, capacity 456K, committed 512K, reserved 1048576K
Event: 0.952 GC heap after
Heap after GC invocations=3 (full 0):
 PSYoungGen      total 27136K, used 3546K [0x00000000eab00000, 0x00000000ee000000, 0x0000000100000000)
  eden space 23552K, 0% used [0x00000000eab00000,0x00000000eab00000,0x00000000ec200000)
  from space 3584K, 98% used [0x00000000ec200000,0x00000000ec576ac8,0x00000000ec580000)
  to   space 3584K, 0% used [0x00000000edc80000,0x00000000edc80000,0x00000000ee000000)
 ParOldGen       total 61440K, used 27524K [0x00000000c0000000, 0x00000000c3c00000, 0x00000000eab00000)
  object space 61440K, 44% used [0x00000000c0000000,0x00000000c1ae10d8,0x00000000c3c00000)
 Metaspace       used 3840K, capacity 4944K, committed 5120K, reserved 1056768K
  class space    used 407K, capacity 456K, committed 512K, reserved 1048576K
}
Event: 1.044 GC heap before
{Heap before GC invocations=4 (full 0):
 PSYoungGen      total 27136K, used 27098K [0x00000000eab00000, 0x00000000ee000000, 0x0000000100000000)
  eden space 23552K, 100% used [0x00000000eab00000,0x00000000ec200000,0x00000000ec200000)
  from space 3584K, 98% used [0x00000000ec200000,0x00000000ec576ac8,0x00000000ec580000)
  to   space 3584K, 0% used [0x00000000edc80000,0x00000000edc80000,0x00000000ee000000)
 ParOldGen       total 61440K, used 27524K [0x00000000c0000000, 0x00000000c3c00000, 0x00000000eab00000)
  object space 61440K, 44% used [0x00000000c0000000,0x00000000c1ae10d8,0x00000000c3c00000)
 Metaspace       used 3929K, capacity 5008K, committed 5120K, reserved 1056768K
  class space    used 412K, capacity 456K, committed 512K, reserved 1048576K
Event: 1.053 GC heap after
Heap after GC invocations=4 (full 0):
 PSYoungGen      total 50688K, used 3365K [0x00000000eab00000, 0x00000000ee000000, 0x0000000100000000)
  eden space 47104K, 0% used [0x00000000eab00000,0x00000000eab00000,0x00000000ed900000)
  from space 3584K, 93% used [0x00000000edc80000,0x00000000edfc9768,0x00000000ee000000)
  to   space 3584K, 0% used [0x00000000ed900000,0x00000000ed900000,0x00000000edc80000)
 ParOldGen       total 61440K, used 27532K [0x00000000c0000000, 0x00000000c3c00000, 0x00000000eab00000)
  object space 61440K, 44% used [0x00000000c0000000,0x00000000c1ae30d8,0x00000000c3c00000)
 Metaspace       used 3929K, capacity 5008K, committed 5120K, reserved 1056768K
  class space    used 412K, capacity 456K, committed 512K, reserved 1048576K
}
Event: 1.438 GC heap before
{Heap before GC invocations=5 (full 0):
 PSYoungGen      total 50688K, used 50469K [0x00000000eab00000, 0x00000000ee000000, 0x0000000100000000)
  eden space 47104K, 100% used [0x00000000eab00000,0x00000000ed900000,0x00000000ed900000)
  from space 3584K, 93% used [0x00000000edc80000,0x00000000edfc9768,0x00000000ee000000)
  to   space 3584K, 0% used [0x00000000ed900000,0x00000000ed900000,0x00000000edc80000)
 ParOldGen       total 61440K, used 27532K [0x00000000c0000000, 0x00000000c3c00000, 0x00000000eab00000)
  object space 61440K, 44% used [0x00000000c0000000,0x00000000c1ae30d8,0x00000000c3c00000)
 Metaspace       used 4398K, capacity 5424K, committed 5632K, reserved 1056768K
  class space    used 460K, capacity 488K, committed 512K, reserved 1048576K
Event: 1.449 GC heap after
Heap after GC invocations=5 (full 0):
 PSYoungGen      total 50688K, used 3557K [0x00000000eab00000, 0x00000000f3a00000, 0x0000000100000000)
  eden space 47104K, 0% used [0x00000000eab00000,0x00000000eab00000,0x00000000ed900000)
  from space 3584K, 99% used [0x00000000ed900000,0x00000000edc796f8,0x00000000edc80000)
  to   space 26112K, 0% used [0x00000000f2080000,0x00000000f2080000,0x00000000f3a00000)
 ParOldGen       total 61440K, used 30566K [0x00000000c0000000, 0x00000000c3c00000, 0x00000000eab00000)
  object space 61440K, 49% used [0x00000000c0000000,0x00000000c1dd9b98,0x00000000c3c00000)
 Metaspace       used 4398K, capacity 5424K, committed 5632K, reserved 1056768K
  class space    used 460K, capacity 488K, committed 512K, reserved 1048576K
}
Event: 1.574 GC heap before
{Heap before GC invocations=6 (full 0):
 PSYoungGen      total 50688K, used 50661K [0x00000000eab00000, 0x00000000f3a00000, 0x0000000100000000)
  eden space 47104K, 100% used [0x00000000eab00000,0x00000000ed900000,0x00000000ed900000)
  from space 3584K, 99% used [0x00000000ed900000,0x00000000edc796f8,0x00000000edc80000)
  to   space 26112K, 0% used [0x00000000f2080000,0x00000000f2080000,0x00000000f3a00000)
 ParOldGen       total 61440K, used 30566K [0x00000000c0000000, 0x00000000c3c00000, 0x00000000eab00000)
  object space 61440K, 49% used [0x00000000c0000000,0x00000000c1dd9b98,0x00000000c3c00000)
 Metaspace       used 4405K, capacity 5424K, committed 5632K, reserved 1056768K
  class space    used 460K, capacity 488K, committed 512K, reserved 1048576K
Event: 1.577 GC heap after
Heap after GC invocations=6 (full 0):
 PSYoungGen      total 118272K, used 3811K [0x00000000eab00000, 0x00000000f3800000, 0x0000000100000000)
  eden space 94208K, 0% used [0x00000000eab00000,0x00000000eab00000,0x00000000f0700000)
  from space 24064K, 15% used [0x00000000f2080000,0x00000000f2438f00,0x00000000f3800000)
  to   space 25088K, 0% used [0x00000000f0700000,0x00000000f0700000,0x00000000f1f80000)
 ParOldGen       total 61440K, used 30566K [0x00000000c0000000, 0x00000000c3c00000, 0x00000000eab00000)
  object space 61440K, 49% used [0x00000000c0000000,0x00000000c1dd9b98,0x00000000c3c00000)
 Metaspace       used 4405K, capacity 5424K, committed 5632K, reserved 1056768K
  class space    used 460K, capacity 488K, committed 512K, reserved 1048576K
}
Event: 2.065 GC heap before
{Heap before GC invocations=7 (full 0):
 PSYoungGen      total 118272K, used 98019K [0x00000000eab00000, 0x00000000f3800000, 0x0000000100000000)
  eden space 94208K, 100% used [0x00000000eab00000,0x00000000f0700000,0x00000000f0700000)
  from space 24064K, 15% used [0x00000000f2080000,0x00000000f2438f00,0x00000000f3800000)
  to   space 25088K, 0% used [0x00000000f0700000,0x00000000f0700000,0x00000000f1f80000)
 ParOldGen       total 61440K, used 30566K [0x00000000c0000000, 0x00000000c3c00000, 0x00000000eab00000)
  object space 61440K, 49% used [0x00000000c0000000,0x00000000c1dd9b98,0x00000000c3c00000)
 Metaspace       used 4746K, capacity 5464K, committed 5760K, reserved 1056768K
  class space    used 496K, capacity 528K, committed 640K, reserved 1048576K

